<?xml version="1.0" encoding="UTF-8"?>
<testng-results skipped="0" failed="0" ignored="0" total="9" passed="9">
  <reporter-output>
  </reporter-output>
  <suite name="MonClubFacile-TNR (0)" duration-ms="135943" started-at="2018-09-03T12:40:52Z" finished-at="2018-09-03T12:43:08Z">
    <groups>
    </groups>
    <test name="NomduProjet-1-chrome" duration-ms="135943" started-at="2018-09-03T12:40:52Z" finished-at="2018-09-03T12:43:08Z">
      <class name="fr.maif.monclubfacile.tnr.scenarii.Societaire">
        <test-method status="PASS" signature="setUp(java.lang.String, java.lang.String, java.lang.String, java.lang.String)[pri:0, instance:fr.maif.monclubfacile.tnr.scenarii.Societaire@2f0a87b3]" name="setUp" is-config="true" duration-ms="20604" started-at="2018-09-03T12:40:52Z" finished-at="2018-09-03T12:41:13Z">
          <params>
            <param index="0">
              <value>
                <![CDATA[WINDOWS]]>
              </value>
            </param>
            <param index="1">
              <value>
                <![CDATA[chrome]]>
              </value>
            </param>
            <param index="2">
              <value>
                <![CDATA[55]]>
              </value>
            </param>
            <param index="3">
              <value>
                <![CDATA[https://monclubfacile.preprod.opunmaif.fr/]]>
              </value>
            </param>
          </params>
          <reporter-output>
          </reporter-output>
        </test-method> <!-- setUp -->
        <test-method status="PASS" signature="TestMCF()[pri:0, instance:fr.maif.monclubfacile.tnr.scenarii.Societaire@2f0a87b3]" name="TestMCF" duration-ms="114692" started-at="2018-09-03T12:41:13Z" finished-at="2018-09-03T12:43:08Z">
          <reporter-output>
          </reporter-output>
        </test-method> <!-- TestMCF -->
        <test-method status="PASS" signature="tearDown()[pri:0, instance:fr.maif.monclubfacile.tnr.scenarii.Societaire@2f0a87b3]" name="tearDown" is-config="true" duration-ms="645" started-at="2018-09-03T12:43:08Z" finished-at="2018-09-03T12:43:08Z">
          <reporter-output>
          </reporter-output>
        </test-method> <!-- tearDown -->
      </class> <!-- fr.maif.monclubfacile.tnr.scenarii.Societaire -->
    </test> <!-- NomduProjet-1-chrome -->
  </suite> <!-- MonClubFacile-TNR (0) -->
  <suite name="MonClubFacile-TNR" duration-ms="52122" started-at="2018-09-03T12:40:00Z" finished-at="2018-09-03T12:40:52Z">
    <groups>
    </groups>
    <test name="NomduProjet-1-chrome" duration-ms="52122" started-at="2018-09-03T12:40:00Z" finished-at="2018-09-03T12:40:52Z">
      <class name="fr.maif.monclubfacile.tnr.scenarii.ProfilClubEtDeconnexion">
        <test-method status="PASS" signature="setUp(java.lang.String, java.lang.String, java.lang.String, java.lang.String)[pri:0, instance:fr.maif.monclubfacile.tnr.scenarii.ProfilClubEtDeconnexion@4fb64261]" name="setUp" is-config="true" duration-ms="7734" started-at="2018-09-03T12:40:00Z" finished-at="2018-09-03T12:40:08Z">
          <params>
            <param index="0">
              <value>
                <![CDATA[WINDOWS]]>
              </value>
            </param>
            <param index="1">
              <value>
                <![CDATA[chrome]]>
              </value>
            </param>
            <param index="2">
              <value>
                <![CDATA[55]]>
              </value>
            </param>
            <param index="3">
              <value>
                <![CDATA[https://monclubfacile.preprod.opunmaif.fr/]]>
              </value>
            </param>
          </params>
          <reporter-output>
          </reporter-output>
        </test-method> <!-- setUp -->
        <test-method status="PASS" signature="TestMCF()[pri:0, instance:fr.maif.monclubfacile.tnr.scenarii.ProfilClubEtDeconnexion@4fb64261]" name="TestMCF" duration-ms="43727" started-at="2018-09-03T12:40:08Z" finished-at="2018-09-03T12:40:52Z">
          <reporter-output>
          </reporter-output>
        </test-method> <!-- TestMCF -->
        <test-method status="PASS" signature="tearDown()[pri:0, instance:fr.maif.monclubfacile.tnr.scenarii.ProfilClubEtDeconnexion@4fb64261]" name="tearDown" is-config="true" duration-ms="645" started-at="2018-09-03T12:40:52Z" finished-at="2018-09-03T12:40:52Z">
          <reporter-output>
          </reporter-output>
        </test-method> <!-- tearDown -->
      </class> <!-- fr.maif.monclubfacile.tnr.scenarii.ProfilClubEtDeconnexion -->
    </test> <!-- NomduProjet-1-chrome -->
  </suite> <!-- MonClubFacile-TNR -->
  <suite name="MonClubFacile-TNR (7)" duration-ms="97562" started-at="2018-09-03T12:57:25Z" finished-at="2018-09-03T12:59:02Z">
    <groups>
    </groups>
    <test name="NomduProjet-1-chrome" duration-ms="97562" started-at="2018-09-03T12:57:25Z" finished-at="2018-09-03T12:59:02Z">
      <class name="fr.maif.monclubfacile.tnr.scenarii.NonSocietaire">
        <test-method status="PASS" signature="setUp(java.lang.String, java.lang.String, java.lang.String, java.lang.String)[pri:0, instance:fr.maif.monclubfacile.tnr.scenarii.NonSocietaire@17baae6e]" name="setUp" is-config="true" duration-ms="12031" started-at="2018-09-03T12:57:25Z" finished-at="2018-09-03T12:57:37Z">
          <params>
            <param index="0">
              <value>
                <![CDATA[WINDOWS]]>
              </value>
            </param>
            <param index="1">
              <value>
                <![CDATA[chrome]]>
              </value>
            </param>
            <param index="2">
              <value>
                <![CDATA[55]]>
              </value>
            </param>
            <param index="3">
              <value>
                <![CDATA[https://monclubfacile.preprod.opunmaif.fr/]]>
              </value>
            </param>
          </params>
          <reporter-output>
          </reporter-output>
        </test-method> <!-- setUp -->
        <test-method status="PASS" signature="TestMCF()[pri:0, instance:fr.maif.monclubfacile.tnr.scenarii.NonSocietaire@17baae6e]" name="TestMCF" duration-ms="84835" started-at="2018-09-03T12:57:37Z" finished-at="2018-09-03T12:59:02Z">
          <reporter-output>
          </reporter-output>
        </test-method> <!-- TestMCF -->
        <test-method status="PASS" signature="tearDown()[pri:0, instance:fr.maif.monclubfacile.tnr.scenarii.NonSocietaire@17baae6e]" name="tearDown" is-config="true" duration-ms="695" started-at="2018-09-03T12:59:02Z" finished-at="2018-09-03T12:59:02Z">
          <reporter-output>
          </reporter-output>
        </test-method> <!-- tearDown -->
      </class> <!-- fr.maif.monclubfacile.tnr.scenarii.NonSocietaire -->
    </test> <!-- NomduProjet-1-chrome -->
  </suite> <!-- MonClubFacile-TNR (7) -->
  <suite name="MonClubFacile-TNR (6)" duration-ms="136131" started-at="2018-09-03T12:55:09Z" finished-at="2018-09-03T12:57:25Z">
    <groups>
    </groups>
    <test name="NomduProjet-1-chrome" duration-ms="136131" started-at="2018-09-03T12:55:09Z" finished-at="2018-09-03T12:57:25Z">
      <class name="fr.maif.monclubfacile.tnr.scenarii.PageAccueilMcf">
        <test-method status="PASS" signature="setUp(java.lang.String, java.lang.String, java.lang.String, java.lang.String)[pri:0, instance:fr.maif.monclubfacile.tnr.scenarii.PageAccueilMcf@5427c60c]" name="setUp" is-config="true" duration-ms="5809" started-at="2018-09-03T12:55:09Z" finished-at="2018-09-03T12:55:14Z">
          <params>
            <param index="0">
              <value>
                <![CDATA[WINDOWS]]>
              </value>
            </param>
            <param index="1">
              <value>
                <![CDATA[chrome]]>
              </value>
            </param>
            <param index="2">
              <value>
                <![CDATA[55]]>
              </value>
            </param>
            <param index="3">
              <value>
                <![CDATA[https://monclubfacile.preprod.opunmaif.fr/]]>
              </value>
            </param>
          </params>
          <reporter-output>
          </reporter-output>
        </test-method> <!-- setUp -->
        <test-method status="PASS" signature="TestMCF()[pri:0, instance:fr.maif.monclubfacile.tnr.scenarii.PageAccueilMcf@5427c60c]" name="TestMCF" duration-ms="129710" started-at="2018-09-03T12:55:14Z" finished-at="2018-09-03T12:57:24Z">
          <reporter-output>
          </reporter-output>
        </test-method> <!-- TestMCF -->
        <test-method status="PASS" signature="tearDown()[pri:0, instance:fr.maif.monclubfacile.tnr.scenarii.PageAccueilMcf@5427c60c]" name="tearDown" is-config="true" duration-ms="610" started-at="2018-09-03T12:57:24Z" finished-at="2018-09-03T12:57:25Z">
          <reporter-output>
          </reporter-output>
        </test-method> <!-- tearDown -->
      </class> <!-- fr.maif.monclubfacile.tnr.scenarii.PageAccueilMcf -->
    </test> <!-- NomduProjet-1-chrome -->
  </suite> <!-- MonClubFacile-TNR (6) -->
  <suite name="MonClubFacile-TNR (5)" duration-ms="126844" started-at="2018-09-03T12:53:02Z" finished-at="2018-09-03T12:55:09Z">
    <groups>
    </groups>
    <test name="NomduProjet-1-chrome" duration-ms="126844" started-at="2018-09-03T12:53:02Z" finished-at="2018-09-03T12:55:09Z">
      <class name="fr.maif.monclubfacile.tnr.scenarii.PageAssistance">
        <test-method status="PASS" signature="setUp(java.lang.String, java.lang.String, java.lang.String, java.lang.String)[pri:0, instance:fr.maif.monclubfacile.tnr.scenarii.PageAssistance@4bb4de6a]" name="setUp" is-config="true" duration-ms="8074" started-at="2018-09-03T12:53:02Z" finished-at="2018-09-03T12:53:10Z">
          <params>
            <param index="0">
              <value>
                <![CDATA[WINDOWS]]>
              </value>
            </param>
            <param index="1">
              <value>
                <![CDATA[chrome]]>
              </value>
            </param>
            <param index="2">
              <value>
                <![CDATA[55]]>
              </value>
            </param>
            <param index="3">
              <value>
                <![CDATA[https://monclubfacile.preprod.opunmaif.fr/]]>
              </value>
            </param>
          </params>
          <reporter-output>
          </reporter-output>
        </test-method> <!-- setUp -->
        <test-method status="PASS" signature="TestMCF()[pri:0, instance:fr.maif.monclubfacile.tnr.scenarii.PageAssistance@4bb4de6a]" name="TestMCF" duration-ms="118131" started-at="2018-09-03T12:53:10Z" finished-at="2018-09-03T12:55:08Z">
          <reporter-output>
          </reporter-output>
        </test-method> <!-- TestMCF -->
        <test-method status="PASS" signature="tearDown()[pri:0, instance:fr.maif.monclubfacile.tnr.scenarii.PageAssistance@4bb4de6a]" name="tearDown" is-config="true" duration-ms="639" started-at="2018-09-03T12:55:08Z" finished-at="2018-09-03T12:55:09Z">
          <reporter-output>
          </reporter-output>
        </test-method> <!-- tearDown -->
      </class> <!-- fr.maif.monclubfacile.tnr.scenarii.PageAssistance -->
    </test> <!-- NomduProjet-1-chrome -->
  </suite> <!-- MonClubFacile-TNR (5) -->
  <suite name="MonClubFacile-TNR (4)" duration-ms="444635" started-at="2018-09-03T12:45:37Z" finished-at="2018-09-03T12:53:02Z">
    <groups>
    </groups>
    <test name="NomduProjet-1-chrome" duration-ms="444635" started-at="2018-09-03T12:45:37Z" finished-at="2018-09-03T12:53:02Z">
      <class name="fr.maif.monclubfacile.tnr.scenarii.PageAutres">
        <test-method status="PASS" signature="setUp(java.lang.String, java.lang.String, java.lang.String, java.lang.String)[pri:0, instance:fr.maif.monclubfacile.tnr.scenarii.PageAutres@7e9a5fbe]" name="setUp" is-config="true" duration-ms="7969" started-at="2018-09-03T12:45:37Z" finished-at="2018-09-03T12:45:45Z">
          <params>
            <param index="0">
              <value>
                <![CDATA[WINDOWS]]>
              </value>
            </param>
            <param index="1">
              <value>
                <![CDATA[chrome]]>
              </value>
            </param>
            <param index="2">
              <value>
                <![CDATA[55]]>
              </value>
            </param>
            <param index="3">
              <value>
                <![CDATA[https://monclubfacile.preprod.opunmaif.fr/]]>
              </value>
            </param>
          </params>
          <reporter-output>
          </reporter-output>
        </test-method> <!-- setUp -->
        <test-method status="PASS" signature="TestMCF()[pri:0, instance:fr.maif.monclubfacile.tnr.scenarii.PageAutres@7e9a5fbe]" name="TestMCF" duration-ms="436038" started-at="2018-09-03T12:45:45Z" finished-at="2018-09-03T12:53:01Z">
          <reporter-output>
          </reporter-output>
        </test-method> <!-- TestMCF -->
        <test-method status="PASS" signature="tearDown()[pri:0, instance:fr.maif.monclubfacile.tnr.scenarii.PageAutres@7e9a5fbe]" name="tearDown" is-config="true" duration-ms="626" started-at="2018-09-03T12:53:01Z" finished-at="2018-09-03T12:53:02Z">
          <reporter-output>
          </reporter-output>
        </test-method> <!-- tearDown -->
      </class> <!-- fr.maif.monclubfacile.tnr.scenarii.PageAutres -->
    </test> <!-- NomduProjet-1-chrome -->
  </suite> <!-- MonClubFacile-TNR (4) -->
  <suite name="MonClubFacile-TNR (3)" duration-ms="25592" started-at="2018-09-03T12:45:12Z" finished-at="2018-09-03T12:45:37Z">
    <groups>
    </groups>
    <test name="NomduProjet-1-chrome" duration-ms="25592" started-at="2018-09-03T12:45:12Z" finished-at="2018-09-03T12:45:37Z">
      <class name="fr.maif.monclubfacile.tnr.scenarii.PageConnexion">
        <test-method status="PASS" signature="setUp(java.lang.String, java.lang.String, java.lang.String, java.lang.String)[pri:0, instance:fr.maif.monclubfacile.tnr.scenarii.PageConnexion@1f021e6c]" name="setUp" is-config="true" duration-ms="8192" started-at="2018-09-03T12:45:12Z" finished-at="2018-09-03T12:45:20Z">
          <params>
            <param index="0">
              <value>
                <![CDATA[WINDOWS]]>
              </value>
            </param>
            <param index="1">
              <value>
                <![CDATA[chrome]]>
              </value>
            </param>
            <param index="2">
              <value>
                <![CDATA[55]]>
              </value>
            </param>
            <param index="3">
              <value>
                <![CDATA[https://monclubfacile.preprod.opunmaif.fr/]]>
              </value>
            </param>
          </params>
          <reporter-output>
          </reporter-output>
        </test-method> <!-- setUp -->
        <test-method status="PASS" signature="TestMCF()[pri:0, instance:fr.maif.monclubfacile.tnr.scenarii.PageConnexion@1f021e6c]" name="TestMCF" duration-ms="16799" started-at="2018-09-03T12:45:20Z" finished-at="2018-09-03T12:45:37Z">
          <reporter-output>
          </reporter-output>
        </test-method> <!-- TestMCF -->
        <test-method status="PASS" signature="tearDown()[pri:0, instance:fr.maif.monclubfacile.tnr.scenarii.PageConnexion@1f021e6c]" name="tearDown" is-config="true" duration-ms="599" started-at="2018-09-03T12:45:37Z" finished-at="2018-09-03T12:45:37Z">
          <reporter-output>
          </reporter-output>
        </test-method> <!-- tearDown -->
      </class> <!-- fr.maif.monclubfacile.tnr.scenarii.PageConnexion -->
    </test> <!-- NomduProjet-1-chrome -->
  </suite> <!-- MonClubFacile-TNR (3) -->
  <suite name="NonRegression" duration-ms="0" started-at="2018-09-03T12:59:02Z" finished-at="2018-09-03T12:59:02Z">
    <groups>
    </groups>
  </suite> <!-- NonRegression -->
  <suite name="MonClubFacile-TNR (2)" duration-ms="52000" started-at="2018-09-03T12:44:20Z" finished-at="2018-09-03T12:45:12Z">
    <groups>
    </groups>
    <test name="NomduProjet-1-chrome" duration-ms="52000" started-at="2018-09-03T12:44:20Z" finished-at="2018-09-03T12:45:12Z">
      <class name="fr.maif.monclubfacile.tnr.scenarii.PageConnexionMotDePasseOublie">
        <test-method status="PASS" signature="setUp(java.lang.String, java.lang.String, java.lang.String, java.lang.String)[pri:0, instance:fr.maif.monclubfacile.tnr.scenarii.PageConnexionMotDePasseOublie@6fb0d3ed]" name="setUp" is-config="true" duration-ms="8191" started-at="2018-09-03T12:44:20Z" finished-at="2018-09-03T12:44:28Z">
          <params>
            <param index="0">
              <value>
                <![CDATA[WINDOWS]]>
              </value>
            </param>
            <param index="1">
              <value>
                <![CDATA[chrome]]>
              </value>
            </param>
            <param index="2">
              <value>
                <![CDATA[55]]>
              </value>
            </param>
            <param index="3">
              <value>
                <![CDATA[https://monclubfacile.preprod.opunmaif.fr/]]>
              </value>
            </param>
          </params>
          <reporter-output>
          </reporter-output>
        </test-method> <!-- setUp -->
        <test-method status="PASS" signature="TestMCF()[pri:0, instance:fr.maif.monclubfacile.tnr.scenarii.PageConnexionMotDePasseOublie@6fb0d3ed]" name="TestMCF" duration-ms="43163" started-at="2018-09-03T12:44:28Z" finished-at="2018-09-03T12:45:11Z">
          <reporter-output>
          </reporter-output>
        </test-method> <!-- TestMCF -->
        <test-method status="PASS" signature="tearDown()[pri:0, instance:fr.maif.monclubfacile.tnr.scenarii.PageConnexionMotDePasseOublie@6fb0d3ed]" name="tearDown" is-config="true" duration-ms="645" started-at="2018-09-03T12:45:11Z" finished-at="2018-09-03T12:45:12Z">
          <reporter-output>
          </reporter-output>
        </test-method> <!-- tearDown -->
      </class> <!-- fr.maif.monclubfacile.tnr.scenarii.PageConnexionMotDePasseOublie -->
    </test> <!-- NomduProjet-1-chrome -->
  </suite> <!-- MonClubFacile-TNR (2) -->
  <suite name="MonClubFacile-TNR (1)" duration-ms="71321" started-at="2018-09-03T12:43:08Z" finished-at="2018-09-03T12:44:20Z">
    <groups>
    </groups>
    <test name="NomduProjet-1-chrome" duration-ms="71321" started-at="2018-09-03T12:43:08Z" finished-at="2018-09-03T12:44:20Z">
      <class name="fr.maif.monclubfacile.tnr.scenarii.PageMesCollectes">
        <test-method status="PASS" signature="setUp(java.lang.String, java.lang.String, java.lang.String, java.lang.String)[pri:0, instance:fr.maif.monclubfacile.tnr.scenarii.PageMesCollectes@376b4233]" name="setUp" is-config="true" duration-ms="9379" started-at="2018-09-03T12:43:08Z" finished-at="2018-09-03T12:43:18Z">
          <params>
            <param index="0">
              <value>
                <![CDATA[WINDOWS]]>
              </value>
            </param>
            <param index="1">
              <value>
                <![CDATA[chrome]]>
              </value>
            </param>
            <param index="2">
              <value>
                <![CDATA[55]]>
              </value>
            </param>
            <param index="3">
              <value>
                <![CDATA[https://monclubfacile.preprod.opunmaif.fr/]]>
              </value>
            </param>
          </params>
          <reporter-output>
          </reporter-output>
        </test-method> <!-- setUp -->
        <test-method status="PASS" signature="TestMCF()[pri:0, instance:fr.maif.monclubfacile.tnr.scenarii.PageMesCollectes@376b4233]" name="TestMCF" duration-ms="61360" started-at="2018-09-03T12:43:18Z" finished-at="2018-09-03T12:44:19Z">
          <reporter-output>
          </reporter-output>
        </test-method> <!-- TestMCF -->
        <test-method status="PASS" signature="tearDown()[pri:0, instance:fr.maif.monclubfacile.tnr.scenarii.PageMesCollectes@376b4233]" name="tearDown" is-config="true" duration-ms="580" started-at="2018-09-03T12:44:19Z" finished-at="2018-09-03T12:44:20Z">
          <reporter-output>
          </reporter-output>
        </test-method> <!-- tearDown -->
      </class> <!-- fr.maif.monclubfacile.tnr.scenarii.PageMesCollectes -->
    </test> <!-- NomduProjet-1-chrome -->
  </suite> <!-- MonClubFacile-TNR (1) -->
</testng-results>
