<?xml version="1.0" encoding="UTF-8"?>
<!-- Generated by org.testng.reporters.JUnitReportReporter -->
<testsuite skipped="0" hostname="PWV59217" name="fr.maif.nomduprojet.tnr.scenarii.perso.InscripNonSocietaireMcf" tests="1" failures="0" timestamp="01 août 2018 14:10:22 GMT" time="35.278" errors="0">
  <testcase name="TestMcfInscription" time="35.278" classname="fr.maif.nomduprojet.tnr.scenarii.perso.InscripNonSocietaireMcf"/>
</testsuite> <!-- fr.maif.nomduprojet.tnr.scenarii.perso.InscripNonSocietaireMcf -->
