<?xml version="1.0" encoding="UTF-8"?>
<!-- Generated by org.testng.reporters.JUnitReportReporter -->
<testsuite skipped="0" hostname="PWV59231" name="fr.maif.nomduprojet.tnr.scenarii.PageConnexionMotDePasseOublie" tests="1" failures="0" timestamp="29 août 2018 08:30:58 GMT" time="43.402" errors="0">
  <testcase name="TestMCF" time="43.402" classname="fr.maif.nomduprojet.tnr.scenarii.PageConnexionMotDePasseOublie"/>
</testsuite> <!-- fr.maif.nomduprojet.tnr.scenarii.PageConnexionMotDePasseOublie -->
