<?xml version="1.0" encoding="UTF-8"?>
<!-- Generated by org.testng.reporters.JUnitReportReporter -->
<testsuite skipped="0" hostname="PWV59217" name="fr.maif.nomduprojet.tnr.scenarii.perso.InscripSocietaireMcf" tests="1" failures="0" timestamp="02 août 2018 13:56:53 GMT" time="43.835" errors="0">
  <testcase name="TestMcfInscription" time="43.835" classname="fr.maif.nomduprojet.tnr.scenarii.perso.InscripSocietaireMcf"/>
</testsuite> <!-- fr.maif.nomduprojet.tnr.scenarii.perso.InscripSocietaireMcf -->
